<?xml version="1.0" encoding="UTF-8"?>
<!-- Generated by org.testng.reporters.JUnitReportReporter -->
<testsuite hostname="DESKTOP-L74TGGR" failures="0" tests="1" name="Basic.OrganizationTest" time="27.368" errors="0" timestamp="2024-03-15T12:52:29 IST" skipped="0">
  <testcase classname="Basic.OrganizationTest" name="CreateOrganizationTest" time="27.368"/>
  <system-out/>
</testsuite> <!-- Basic.OrganizationTest -->
