<?xml version="1.0" encoding="UTF-8"?>
<!-- Generated by org.testng.reporters.JUnitReportReporter -->
<testsuite hostname="DESKTOP-L74TGGR" failures="0" tests="1" name="Basic.OrganizationTest" time="144.187" errors="0" timestamp="2024-03-18T17:54:13 IST" skipped="0">
  <testcase classname="Basic.OrganizationTest" name="CreateOrganizationTest" time="144.187"/>
  <system-out/>
</testsuite> <!-- Basic.OrganizationTest -->
